Using pre-set license
Built from '2021.3/staging' branch; Version is '2021.3.22f1 (b6c551784ba3) revision 11978065'; Using compiler version '192829333'; Build Type 'Release'
OS: 'Windows 11  (10.0.22621) 64bit Core' Language: 'en' Physical Memory: 16309 MB
BatchMode: 1, IsHumanControllingUs: 0, StartBugReporterOnCrash: 0, Is64bit: 1, IsPro: 1

COMMAND LINE ARGUMENTS:
C:\Program Files\Unity\Hub\Editor\2021.3.22f1\Editor\Unity.exe
-adb2
-batchMode
-noUpm
-name
AssetImportWorker5
-projectPath
C:/Users/tadhg/Desktop/Codes/Unity/EcoSim/EcoSim
-logFile
Logs/AssetImportWorker5.log
-srvPort
57118
Successfully changed project path to: C:/Users/tadhg/Desktop/Codes/Unity/EcoSim/EcoSim
C:/Users/tadhg/Desktop/Codes/Unity/EcoSim/EcoSim
[UnityMemory] Configuration Parameters - Can be set up in boot.config
    "memorysetup-bucket-allocator-granularity=16"
    "memorysetup-bucket-allocator-bucket-count=8"
    "memorysetup-bucket-allocator-block-size=33554432"
    "memorysetup-bucket-allocator-block-count=8"
    "memorysetup-main-allocator-block-size=16777216"
    "memorysetup-thread-allocator-block-size=16777216"
    "memorysetup-gfx-main-allocator-block-size=16777216"
    "memorysetup-gfx-thread-allocator-block-size=16777216"
    "memorysetup-cache-allocator-block-size=4194304"
    "memorysetup-typetree-allocator-block-size=2097152"
    "memorysetup-profiler-bucket-allocator-granularity=16"
    "memorysetup-profiler-bucket-allocator-bucket-count=8"
    "memorysetup-profiler-bucket-allocator-block-size=33554432"
    "memorysetup-profiler-bucket-allocator-block-count=8"
    "memorysetup-profiler-allocator-block-size=16777216"
    "memorysetup-profiler-editor-allocator-block-size=1048576"
    "memorysetup-temp-allocator-size-main=16777216"
    "memorysetup-job-temp-allocator-block-size=2097152"
    "memorysetup-job-temp-allocator-block-size-background=1048576"
    "memorysetup-job-temp-allocator-reduction-small-platforms=262144"
    "memorysetup-temp-allocator-size-background-worker=32768"
    "memorysetup-temp-allocator-size-job-worker=262144"
    "memorysetup-temp-allocator-size-preload-manager=33554432"
    "memorysetup-temp-allocator-size-nav-mesh-worker=65536"
    "memorysetup-temp-allocator-size-audio-worker=65536"
    "memorysetup-temp-allocator-size-cloud-worker=32768"
    "memorysetup-temp-allocator-size-gi-baking-worker=262144"
    "memorysetup-temp-allocator-size-gfx=262144"
Player connection [7412] Host "[IP] 192.168.0.19 [Port] 0 [Flags] 2 [Guid] 899191788 [EditorId] 899191788 [Version] 1048832 [Id] WindowsEditor(7,Tadhgs_Desktop) [Debug] 1 [PackageName] WindowsEditor [ProjectName] Editor" joined multi-casting on [225.0.0.222:54997]...

Player connection [7412] Host "[IP] 192.168.0.19 [Port] 0 [Flags] 2 [Guid] 899191788 [EditorId] 899191788 [Version] 1048832 [Id] WindowsEditor(7,Tadhgs_Desktop) [Debug] 1 [PackageName] WindowsEditor [ProjectName] Editor" joined alternative multi-casting on [225.0.0.222:34997]...

Refreshing native plugins compatible for Editor in 111.90 ms, found 3 plugins.
Preloading 0 native plugins for Editor in 0.00 ms.
Initialize engine version: 2021.3.22f1 (b6c551784ba3)
[Subsystems] Discovering subsystems at path C:/Program Files/Unity/Hub/Editor/2021.3.22f1/Editor/Data/Resources/UnitySubsystems
[Subsystems] Discovering subsystems at path C:/Users/tadhg/Desktop/Codes/Unity/EcoSim/EcoSim/Assets
GfxDevice: creating device client; threaded=0; jobified=0
Direct3D:
    Version:  Direct3D 11.0 [level 11.1]
    Renderer: AMD Radeon RX 6700 XT (ID=0x73df)
    Vendor:   ATI
    VRAM:     12242 MB
    Driver:   31.0.14043.1000
Initialize mono
Mono path[0] = 'C:/Program Files/Unity/Hub/Editor/2021.3.22f1/Editor/Data/Managed'
Mono path[1] = 'C:/Program Files/Unity/Hub/Editor/2021.3.22f1/Editor/Data/MonoBleedingEdge/lib/mono/unityjit-win32'
Mono config path = 'C:/Program Files/Unity/Hub/Editor/2021.3.22f1/Editor/Data/MonoBleedingEdge/etc'
Using monoOptions --debugger-agent=transport=dt_socket,embedding=1,server=y,suspend=n,address=127.0.0.1:56432
Begin MonoManager ReloadAssembly
Registering precompiled unity dll's ...
Register platform support module: C:/Program Files/Unity/Hub/Editor/2021.3.22f1/Editor/Data/PlaybackEngines/WebGLSupport/UnityEditor.WebGL.Extensions.dll
Register platform support module: C:/Program Files/Unity/Hub/Editor/2021.3.22f1/Editor/Data/PlaybackEngines/WindowsStandaloneSupport/UnityEditor.WindowsStandalone.Extensions.dll
Registered in 0.007732 seconds.
Native extension for WindowsStandalone target not found
Native extension for WebGL target not found
Refreshing native plugins compatible for Editor in 100.65 ms, found 3 plugins.
Preloading 0 native plugins for Editor in 0.00 ms.
Mono: successfully reloaded assembly
- Completed reload, in  1.072 seconds
Domain Reload Profiling:
	ReloadAssembly (1073ms)
		BeginReloadAssembly (166ms)
			ExecutionOrderSort (0ms)
			DisableScriptedObjects (0ms)
			BackupInstance (0ms)
			ReleaseScriptingObjects (0ms)
			CreateAndSetChildDomain (2ms)
		EndReloadAssembly (763ms)
			LoadAssemblies (162ms)
			RebuildTransferFunctionScriptingTraits (0ms)
			SetupTypeCache (206ms)
			ReleaseScriptCaches (0ms)
			RebuildScriptCaches (48ms)
			SetupLoadedEditorAssemblies (427ms)
				LogAssemblyErrors (0ms)
				InitializePlatformSupportModulesInManaged (14ms)
				SetLoadedEditorAssemblies (0ms)
				RefreshPlugins (101ms)
				BeforeProcessingInitializeOnLoad (2ms)
				ProcessInitializeOnLoadAttributes (229ms)
				ProcessInitializeOnLoadMethodAttributes (80ms)
				AfterProcessingInitializeOnLoad (0ms)
				EditorAssembliesLoaded (0ms)
			ExecutionOrderSort2 (0ms)
			AwakeInstancesAfterBackupRestoration (0ms)
Platform modules already initialized, skipping
Registering precompiled user dll's ...
Registered in 0.009016 seconds.
Begin MonoManager ReloadAssembly
Symbol file LoadedFromMemory doesn't match image C:\Users\tadhg\Desktop\Codes\Unity\EcoSim\EcoSim\Library\PackageCache\com.unity.visualscripting@1.8.0\Editor\VisualScripting.Core\Dependencies\YamlDotNet\Unity.VisualScripting.YamlDotNet.dll
Symbol file LoadedFromMemory doesn't match image C:\Users\tadhg\Desktop\Codes\Unity\EcoSim\EcoSim\Library\PackageCache\com.unity.visualscripting@1.8.0\Editor\VisualScripting.Core\Dependencies\DotNetZip\Unity.VisualScripting.IonicZip.dll
Native extension for WindowsStandalone target not found
Native extension for WebGL target not found
Refreshing native plugins compatible for Editor in 0.59 ms, found 3 plugins.
Preloading 0 native plugins for Editor in 0.00 ms.
Mono: successfully reloaded assembly
- Completed reload, in  1.526 seconds
Domain Reload Profiling:
	ReloadAssembly (1528ms)
		BeginReloadAssembly (186ms)
			ExecutionOrderSort (0ms)
			DisableScriptedObjects (9ms)
			BackupInstance (0ms)
			ReleaseScriptingObjects (0ms)
			CreateAndSetChildDomain (26ms)
		EndReloadAssembly (1187ms)
			LoadAssemblies (141ms)
			RebuildTransferFunctionScriptingTraits (0ms)
			SetupTypeCache (417ms)
			ReleaseScriptCaches (1ms)
			RebuildScriptCaches (83ms)
			SetupLoadedEditorAssemblies (514ms)
				LogAssemblyErrors (0ms)
				InitializePlatformSupportModulesInManaged (10ms)
				SetLoadedEditorAssemblies (1ms)
				RefreshPlugins (1ms)
				BeforeProcessingInitializeOnLoad (107ms)
				ProcessInitializeOnLoadAttributes (360ms)
				ProcessInitializeOnLoadMethodAttributes (26ms)
				AfterProcessingInitializeOnLoad (10ms)
				EditorAssembliesLoaded (0ms)
			ExecutionOrderSort2 (0ms)
			AwakeInstancesAfterBackupRestoration (7ms)
Platform modules already initialized, skipping
========================================================================
Worker process is ready to serve import requests
Launched and connected shader compiler UnityShaderCompiler.exe after 0.07 seconds
Refreshing native plugins compatible for Editor in 0.56 ms, found 3 plugins.
Preloading 0 native plugins for Editor in 0.00 ms.
Unloading 3058 Unused Serialized files (Serialized files now loaded: 0)
Unloading 23 unused Assets / (88.1 KB). Loaded Objects now: 3545.
Memory consumption went from 129.0 MB to 128.9 MB.
Total: 4.365700 ms (FindLiveObjects: 0.313700 ms CreateObjectMapping: 0.126700 ms MarkObjects: 3.715100 ms  DeleteObjects: 0.208900 ms)

AssetImportParameters requested are different than current active one (requested -> active):
  custom:video-decoder-ogg-theora: a1e56fd34408186e4bbccfd4996cb3dc -> 
  custom:container-muxer-webm: aa71ff27fc2769a1b78a27578f13a17b -> 
  custom:container-demuxer-webm: 4f35f7cbe854078d1ac9338744f61a02 -> 
  custom:video-encoder-webm-vp8: eb34c28f22e8b96e1ab97ce403110664 -> 
  custom:video-codec-MediaFoundation-h265: 746d11721c4dcdbdad8f713fa42b33f4 -> 
  custom:audio-encoder-webm-vorbis: bf7c407c2cedff20999df2af8eb42d56 -> 
  custom:framework-win-MediaFoundation: 216162199b28c13a410421893ffa2e32 -> 
  custom:container-demuxer-ogg: 62fdf1f143b41e24485cea50d1cbac27 -> 
  custom:video-decoder-webm-vp8: 9c59270c3fd7afecdb556c50c9e8de78 -> 
  custom:audio-decoder-ogg-vorbis: bf7c407c2cedff20999df2af8eb42d56 -> 
========================================================================
Received Import Request.
  Time since last request: 272888.447998 seconds.
  path: Assets/Assets/Jonathan Foust/Prefabs/Glower Hop 6C.prefab
  artifactKey: Guid(cef29c875fab46341b9d611828685712) Importer(815301076,1909f56bfc062723c751e8b465ee728b)
Start importing Assets/Assets/Jonathan Foust/Prefabs/Glower Hop 6C.prefab using Guid(cef29c875fab46341b9d611828685712) Importer(815301076,1909f56bfc062723c751e8b465ee728b)  -> (artifact id: '9bb9935c49c07156d8c1bf7d4cf8ac2b') in 0.240321 seconds 
========================================================================
Received Import Request.
  Time since last request: 0.000034 seconds.
  path: Assets/Assets/Jonathan Foust/Prefabs/Glower Hop 7D.prefab
  artifactKey: Guid(79d1ec299aaa4fe40be23aac8b97fa80) Importer(815301076,1909f56bfc062723c751e8b465ee728b)
Start importing Assets/Assets/Jonathan Foust/Prefabs/Glower Hop 7D.prefab using Guid(79d1ec299aaa4fe40be23aac8b97fa80) Importer(815301076,1909f56bfc062723c751e8b465ee728b)  -> (artifact id: 'b7fdc91e3f538463fe176ac8e5a26855') in 0.052403 seconds 
========================================================================
Received Import Request.
  Time since last request: 2.024242 seconds.
  path: Assets/Assets/Jonathan Foust/Prefabs/Grass D Bush 3.prefab
  artifactKey: Guid(334e48308b58be0438475c2070af5368) Importer(815301076,1909f56bfc062723c751e8b465ee728b)
Start importing Assets/Assets/Jonathan Foust/Prefabs/Grass D Bush 3.prefab using Guid(334e48308b58be0438475c2070af5368) Importer(815301076,1909f56bfc062723c751e8b465ee728b)  -> (artifact id: '43b2c07e7cb60d0fdd60849e286a0474') in 0.027806 seconds 
========================================================================
Received Import Request.
  Time since last request: 0.001469 seconds.
  path: Assets/Assets/Jonathan Foust/Prefabs/Hosta 1C.prefab
  artifactKey: Guid(45649c2aa57dc67438c47321d5869707) Importer(815301076,1909f56bfc062723c751e8b465ee728b)
Start importing Assets/Assets/Jonathan Foust/Prefabs/Hosta 1C.prefab using Guid(45649c2aa57dc67438c47321d5869707) Importer(815301076,1909f56bfc062723c751e8b465ee728b)  -> (artifact id: 'd787f8dd4607869253e3577151ea106b') in 0.033062 seconds 
========================================================================
Received Import Request.
  Time since last request: 0.000027 seconds.
  path: Assets/Assets/Jonathan Foust/Prefabs/Hosta 2 Leaf.prefab
  artifactKey: Guid(aa95c6c27a1f0a74ab00cebb564a574a) Importer(815301076,1909f56bfc062723c751e8b465ee728b)
Start importing Assets/Assets/Jonathan Foust/Prefabs/Hosta 2 Leaf.prefab using Guid(aa95c6c27a1f0a74ab00cebb564a574a) Importer(815301076,1909f56bfc062723c751e8b465ee728b)  -> (artifact id: 'bac84ddbff1d376ef501a5e831e3821d') in 0.035620 seconds 
========================================================================
Received Import Request.
  Time since last request: 0.038600 seconds.
  path: Assets/Assets/Jonathan Foust/Prefabs/Hosta 3C.prefab
  artifactKey: Guid(6ee7f66da90747b41a480ba9999d5009) Importer(815301076,1909f56bfc062723c751e8b465ee728b)
Start importing Assets/Assets/Jonathan Foust/Prefabs/Hosta 3C.prefab using Guid(6ee7f66da90747b41a480ba9999d5009) Importer(815301076,1909f56bfc062723c751e8b465ee728b)  -> (artifact id: '2343525e23d6840b4c9a22829be7addd') in 0.037293 seconds 
========================================================================
Received Import Request.
  Time since last request: 0.000031 seconds.
  path: Assets/Assets/Jonathan Foust/Prefabs/Orchid Special.prefab
  artifactKey: Guid(87f042f23390ab941a7cc3a3ef0b4ded) Importer(815301076,1909f56bfc062723c751e8b465ee728b)
Start importing Assets/Assets/Jonathan Foust/Prefabs/Orchid Special.prefab using Guid(87f042f23390ab941a7cc3a3ef0b4ded) Importer(815301076,1909f56bfc062723c751e8b465ee728b)  -> (artifact id: '78c827f26fb481dfb77577820c223609') in 0.031443 seconds 
========================================================================
Received Import Request.
  Time since last request: 0.000072 seconds.
  path: Assets/Assets/Jonathan Foust/Prefabs/Orchid Pink.prefab
  artifactKey: Guid(cdc83eaf47b624e4496ebc31deee3fce) Importer(815301076,1909f56bfc062723c751e8b465ee728b)
Start importing Assets/Assets/Jonathan Foust/Prefabs/Orchid Pink.prefab using Guid(cdc83eaf47b624e4496ebc31deee3fce) Importer(815301076,1909f56bfc062723c751e8b465ee728b)  -> (artifact id: '8240bab42958d632cbe2cbb6a98ce198') in 0.028244 seconds 
========================================================================
Received Import Request.
  Time since last request: 0.046184 seconds.
  path: Assets/Assets/Jonathan Foust/Prefabs/Snake Eye Leaves 2.prefab
  artifactKey: Guid(465bce4f4f2c14440873f40f897d3138) Importer(815301076,1909f56bfc062723c751e8b465ee728b)
Start importing Assets/Assets/Jonathan Foust/Prefabs/Snake Eye Leaves 2.prefab using Guid(465bce4f4f2c14440873f40f897d3138) Importer(815301076,1909f56bfc062723c751e8b465ee728b)  -> (artifact id: '43ea3f1c134bccd0d3948cb80a867f99') in 0.036475 seconds 
========================================================================
Received Import Request.
  Time since last request: 0.000029 seconds.
  path: Assets/Assets/Jonathan Foust/Prefabs/Snake Eye Tree Small.prefab
  artifactKey: Guid(eb6ba9555cfed6140bf0a895cbd1ac5a) Importer(815301076,1909f56bfc062723c751e8b465ee728b)
Start importing Assets/Assets/Jonathan Foust/Prefabs/Snake Eye Tree Small.prefab using Guid(eb6ba9555cfed6140bf0a895cbd1ac5a) Importer(815301076,1909f56bfc062723c751e8b465ee728b)  -> (artifact id: 'fccff286c4d2d0982669382e0b52fe3f') in 0.400637 seconds 
========================================================================
Received Import Request.
  Time since last request: 0.387277 seconds.
  path: Assets/Assets/Jonathan Foust/Prefabs/Thorn Leaf Leaf.prefab
  artifactKey: Guid(83bee00069d48a64aa1b5527af6d5b11) Importer(815301076,1909f56bfc062723c751e8b465ee728b)
Start importing Assets/Assets/Jonathan Foust/Prefabs/Thorn Leaf Leaf.prefab using Guid(83bee00069d48a64aa1b5527af6d5b11) Importer(815301076,1909f56bfc062723c751e8b465ee728b)  -> (artifact id: 'c7a7dd91cfe4342a5e3d8854cc257e49') in 0.036901 seconds 
========================================================================
Received Import Request.
  Time since last request: 0.000036 seconds.
  path: Assets/Assets/Jonathan Foust/Prefabs/Underbrush Vine Dual Leaf 2.prefab
  artifactKey: Guid(faacc6351a34302408e35e31e065bc00) Importer(815301076,1909f56bfc062723c751e8b465ee728b)
Start importing Assets/Assets/Jonathan Foust/Prefabs/Underbrush Vine Dual Leaf 2.prefab using Guid(faacc6351a34302408e35e31e065bc00) Importer(815301076,1909f56bfc062723c751e8b465ee728b)  -> (artifact id: '0e1597522c2d8230ff5f6e054bec4404') in 0.036833 seconds 
========================================================================
Received Import Request.
  Time since last request: 0.000042 seconds.
  path: Assets/Assets/Jonathan Foust/Prefabs/Tree of Heaven.prefab
  artifactKey: Guid(5622df5b8304b954692cdd61a107c9f0) Importer(815301076,1909f56bfc062723c751e8b465ee728b)
Start importing Assets/Assets/Jonathan Foust/Prefabs/Tree of Heaven.prefab using Guid(5622df5b8304b954692cdd61a107c9f0) Importer(815301076,1909f56bfc062723c751e8b465ee728b)  -> (artifact id: '214c698c25aebeb7d009a29bc09ecc1d') in 0.056869 seconds 
========================================================================
Received Import Request.
  Time since last request: 0.133450 seconds.
  path: Assets/Assets/Jonathan Foust/Prefabs/Underbrush Vine Stem Leaf 3.prefab
  artifactKey: Guid(d23d9a57a6104f94b9cdac4be956504f) Importer(815301076,1909f56bfc062723c751e8b465ee728b)
Start importing Assets/Assets/Jonathan Foust/Prefabs/Underbrush Vine Stem Leaf 3.prefab using Guid(d23d9a57a6104f94b9cdac4be956504f) Importer(815301076,1909f56bfc062723c751e8b465ee728b)  -> (artifact id: '07241278b672db51b46f1036ab20629a') in 0.038468 seconds 
========================================================================
Received Import Request.
  Time since last request: 0.000030 seconds.
  path: Assets/Assets/Jonathan Foust/Prefabs/Underbrush Vine Vertical 1.prefab
  artifactKey: Guid(156f743d4a4a8ae48a6baed67fb8f3c5) Importer(815301076,1909f56bfc062723c751e8b465ee728b)
Start importing Assets/Assets/Jonathan Foust/Prefabs/Underbrush Vine Vertical 1.prefab using Guid(156f743d4a4a8ae48a6baed67fb8f3c5) Importer(815301076,1909f56bfc062723c751e8b465ee728b)  -> (artifact id: 'f760703a0273c56400e1ce48a13013c5') in 0.037408 seconds 
Editor requested this worker to shutdown with reason: Scaling down because of idle timeout
AssetImportWorker is now disconnected from the server
Process exiting
Exiting without the bug reporter. Application will terminate with return code 0